<?xml version="1.0" encoding="UTF-8"?>
<testng-results skipped="0" failed="0" ignored="0" total="1" passed="1">
  <reporter-output>
  </reporter-output>
  <suite name="Default suite" duration-ms="13953" started-at="2017-12-02T17:25:38Z" finished-at="2017-12-02T17:25:52Z">
    <groups>
    </groups>
    <test name="Default test" duration-ms="13953" started-at="2017-12-02T17:25:38Z" finished-at="2017-12-02T17:25:52Z">
      <class name="dropdown.dropdn.SelectValu">
        <test-method status="PASS" signature="selectDropDown()[pri:0, instance:dropdown.dropdn.SelectValu@3f628ce9]" name="selectDropDown" duration-ms="13900" started-at="2017-12-02T12:25:39Z" finished-at="2017-12-02T12:25:52Z">
          <reporter-output>
          </reporter-output>
        </test-method> <!-- selectDropDown -->
      </class> <!-- dropdown.dropdn.SelectValu -->
    </test> <!-- Default test -->
  </suite> <!-- Default suite -->
</testng-results>
